INFO:root:Using device cpu, seed=1234, training on go_emotion dataset.
INFO:root:Using device cpu, seed=1234, training on go_emotion dataset.
INFO:root:Using device cpu, seed=1234, training on go_emotion dataset.
INFO:root:train | loss: 11.2939 acc: 0.2670, f1: 0.3024
INFO:root:Training time for this epoch: 3983.72
INFO:root:valid | loss: 7.5587 acc: 0.5392, f1: 0.5861
INFO:root:test | acc: 0.5288, f1: 0.5775
INFO:root:Inference time for this epoch: 224.56
INFO:root:[valid loss new low] test | acc: 0.5288, f1: 0.5775
INFO:root:[valid f1 new high] test | acc: 0.5288, f1: 0.5775
INFO:root:[best] valid | acc: 0.5392, f1: 0.5861
 test | acc: 0.5288, f1: 0.5775
INFO:root:Using device cuda:0, seed=1234, training on go_emotion dataset.
INFO:root:train | loss: 11.3700 acc: 0.2633, f1: 0.3012
INFO:root:Training time for this epoch: 312.94
INFO:root:valid | loss: 7.7614 acc: 0.5399, f1: 0.5902
INFO:root:test | acc: 0.5308, f1: 0.5825
INFO:root:Inference time for this epoch: 29.91
INFO:root:[valid loss new low] test | acc: 0.5308, f1: 0.5825
INFO:root:[valid f1 new high] test | acc: 0.5308, f1: 0.5825
INFO:root:[best] valid | acc: 0.5399, f1: 0.5902
 test | acc: 0.5308, f1: 0.5825
INFO:root:train | loss: 6.1857 acc: 0.5914, f1: 0.6198
INFO:root:Training time for this epoch: 442.80
INFO:root:valid | loss: 5.2228 acc: 0.6157, f1: 0.6388
INFO:root:test | acc: 0.6173, f1: 0.6420
INFO:root:Inference time for this epoch: 42.37
INFO:root:[valid loss new low] test | acc: 0.6173, f1: 0.6420
INFO:root:[valid f1 new high] test | acc: 0.6173, f1: 0.6420
INFO:root:[best] valid | acc: 0.6157, f1: 0.6388
 test | acc: 0.6173, f1: 0.6420
INFO:root:train | loss: 4.9638 acc: 0.6446, f1: 0.6594
INFO:root:Training time for this epoch: 499.34
INFO:root:valid | loss: 4.9974 acc: 0.6512, f1: 0.6573
INFO:root:test | acc: 0.6297, f1: 0.6378
INFO:root:Inference time for this epoch: 42.35
INFO:root:[valid loss new low] test | acc: 0.6297, f1: 0.6378
INFO:root:[valid f1 new high] test | acc: 0.6297, f1: 0.6378
INFO:root:[best] valid | acc: 0.6512, f1: 0.6573
 test | acc: 0.6173, f1: 0.6420
INFO:root:train | loss: 4.3526 acc: 0.6739, f1: 0.6839
INFO:root:Training time for this epoch: 466.64
INFO:root:valid | loss: 4.6516 acc: 0.6556, f1: 0.6641
INFO:root:test | acc: 0.6438, f1: 0.6535
INFO:root:Inference time for this epoch: 26.17
INFO:root:[valid loss new low] test | acc: 0.6438, f1: 0.6535
INFO:root:[valid f1 new high] test | acc: 0.6438, f1: 0.6535
INFO:root:[best] valid | acc: 0.6556, f1: 0.6641
 test | acc: 0.6438, f1: 0.6535
INFO:root:train | loss: 3.9036 acc: 0.6928, f1: 0.7020
INFO:root:Training time for this epoch: 339.97
INFO:root:valid | loss: 4.2206 acc: 0.6499, f1: 0.6575
INFO:root:test | acc: 0.6495, f1: 0.6579
INFO:root:Inference time for this epoch: 26.47
INFO:root:[valid loss new low] test | acc: 0.6495, f1: 0.6579
INFO:root:[best] valid | acc: 0.6556, f1: 0.6641
 test | acc: 0.6495, f1: 0.6579
INFO:root:train | loss: 3.5287 acc: 0.7102, f1: 0.7185
INFO:root:Training time for this epoch: 356.65
INFO:root:valid | loss: 4.3114 acc: 0.6532, f1: 0.6608
INFO:root:test | acc: 0.6421, f1: 0.6505
INFO:root:Inference time for this epoch: 27.05
INFO:root:[best] valid | acc: 0.6556, f1: 0.6641
 test | acc: 0.6495, f1: 0.6579
INFO:root:train | loss: 3.1986 acc: 0.7274, f1: 0.7352
INFO:root:Training time for this epoch: 356.52
INFO:root:valid | loss: 4.5821 acc: 0.6610, f1: 0.6666
INFO:root:test | acc: 0.6478, f1: 0.6532
INFO:root:Inference time for this epoch: 26.60
INFO:root:[valid f1 new high] test | acc: 0.6478, f1: 0.6532
INFO:root:[best] valid | acc: 0.6610, f1: 0.6666
 test | acc: 0.6495, f1: 0.6579
INFO:root:train | loss: 2.8808 acc: 0.7469, f1: 0.7536
INFO:root:Training time for this epoch: 356.54
INFO:root:valid | loss: 4.6216 acc: 0.6536, f1: 0.6614
INFO:root:test | acc: 0.6535, f1: 0.6614
INFO:root:Inference time for this epoch: 26.21
INFO:root:[best] valid | acc: 0.6610, f1: 0.6666
 test | acc: 0.6535, f1: 0.6614
INFO:root:train | loss: 6.1961 acc: 0.5938, f1: 0.6205
INFO:root:Training time for this epoch: 4370.71
INFO:root:valid | loss: 5.5148 acc: 0.6238, f1: 0.6409
INFO:root:train | loss: 2.5747 acc: 0.7611, f1: 0.7670
INFO:root:Training time for this epoch: 351.88
INFO:root:valid | loss: 4.8442 acc: 0.6495, f1: 0.6586
INFO:root:test | acc: 0.6508, f1: 0.6571
INFO:root:Inference time for this epoch: 26.55
INFO:root:[best] valid | acc: 0.6610, f1: 0.6666
 test | acc: 0.6535, f1: 0.6614
INFO:root:test | acc: 0.6099, f1: 0.6311
INFO:root:Inference time for this epoch: 250.07
INFO:root:[valid loss new low] test | acc: 0.6099, f1: 0.6311
INFO:root:[valid f1 new high] test | acc: 0.6099, f1: 0.6311
INFO:root:[best] valid | acc: 0.6238, f1: 0.6409
 test | acc: 0.6099, f1: 0.6311
INFO:root:train | loss: 2.3009 acc: 0.7784, f1: 0.7835
INFO:root:Training time for this epoch: 359.49
INFO:root:valid | loss: 4.5839 acc: 0.6634, f1: 0.6704
INFO:root:test | acc: 0.6511, f1: 0.6572
INFO:root:Inference time for this epoch: 26.60
INFO:root:[valid f1 new high] test | acc: 0.6511, f1: 0.6572
INFO:root:[best] valid | acc: 0.6634, f1: 0.6704
 test | acc: 0.6535, f1: 0.6614
INFO:root:train | loss: 2.0369 acc: 0.7923, f1: 0.7968
INFO:root:Training time for this epoch: 355.98
INFO:root:valid | loss: 4.3216 acc: 0.6472, f1: 0.6504
INFO:root:test | acc: 0.6404, f1: 0.6438
INFO:root:Inference time for this epoch: 26.97
INFO:root:[best] valid | acc: 0.6634, f1: 0.6704
 test | acc: 0.6535, f1: 0.6614
INFO:root:train | loss: 1.7700 acc: 0.8112, f1: 0.8150
INFO:root:Training time for this epoch: 354.48
INFO:root:valid | loss: 4.9494 acc: 0.6414, f1: 0.6466
INFO:root:test | acc: 0.6431, f1: 0.6479
INFO:root:Inference time for this epoch: 27.09
INFO:root:[best] valid | acc: 0.6634, f1: 0.6704
 test | acc: 0.6535, f1: 0.6614
INFO:root:train | loss: 1.5455 acc: 0.8224, f1: 0.8255
INFO:root:Training time for this epoch: 349.36
INFO:root:valid | loss: 5.2978 acc: 0.6390, f1: 0.6422
INFO:root:test | acc: 0.6428, f1: 0.6467
INFO:root:Inference time for this epoch: 27.18
INFO:root:[best] valid | acc: 0.6634, f1: 0.6704
 test | acc: 0.6535, f1: 0.6614
INFO:root:train | loss: 1.3194 acc: 0.8368, f1: 0.8396
INFO:root:Training time for this epoch: 359.28
INFO:root:valid | loss: 5.2940 acc: 0.6472, f1: 0.6544
INFO:root:test | acc: 0.6347, f1: 0.6424
INFO:root:Inference time for this epoch: 27.46
INFO:root:[best] valid | acc: 0.6634, f1: 0.6704
 test | acc: 0.6535, f1: 0.6614
INFO:root:train | loss: 1.1026 acc: 0.8527, f1: 0.8553
INFO:root:Training time for this epoch: 362.72
INFO:root:valid | loss: 5.2810 acc: 0.6401, f1: 0.6442
INFO:root:test | acc: 0.6397, f1: 0.6431
INFO:root:Inference time for this epoch: 26.72
INFO:root:[best] valid | acc: 0.6634, f1: 0.6704
 test | acc: 0.6535, f1: 0.6614
INFO:root:train | loss: 0.8917 acc: 0.8648, f1: 0.8672
INFO:root:Training time for this epoch: 356.32
INFO:root:valid | loss: 5.3968 acc: 0.6313, f1: 0.6351
INFO:root:test | acc: 0.6424, f1: 0.6474
INFO:root:Inference time for this epoch: 27.60
INFO:root:[best] valid | acc: 0.6634, f1: 0.6704
 test | acc: 0.6535, f1: 0.6614
INFO:root:train | loss: 4.9525 acc: 0.6466, f1: 0.6605
INFO:root:Training time for this epoch: 4930.87
INFO:root:valid | loss: 4.9019 acc: 0.6472, f1: 0.6626
INFO:root:test | acc: 0.6361, f1: 0.6535
INFO:root:Inference time for this epoch: 269.98
INFO:root:[valid loss new low] test | acc: 0.6361, f1: 0.6535
INFO:root:[valid f1 new high] test | acc: 0.6361, f1: 0.6535
INFO:root:[best] valid | acc: 0.6472, f1: 0.6626
 test | acc: 0.6361, f1: 0.6535
INFO:root:train | loss: 4.3636 acc: 0.6728, f1: 0.6825
INFO:root:Training time for this epoch: 6534.24
INFO:root:valid | loss: 4.7608 acc: 0.6448, f1: 0.6528
INFO:root:test | acc: 0.6424, f1: 0.6510
INFO:root:Inference time for this epoch: 229.36
INFO:root:[valid loss new low] test | acc: 0.6424, f1: 0.6510
INFO:root:[best] valid | acc: 0.6472, f1: 0.6626
 test | acc: 0.6361, f1: 0.6535
INFO:root:train | loss: 3.9092 acc: 0.6952, f1: 0.7042
INFO:root:Training time for this epoch: 4047.87
INFO:root:valid | loss: 4.5166 acc: 0.6512, f1: 0.6582
INFO:root:test | acc: 0.6508, f1: 0.6575
INFO:root:Inference time for this epoch: 223.52
INFO:root:[valid loss new low] test | acc: 0.6508, f1: 0.6575
INFO:root:[best] valid | acc: 0.6472, f1: 0.6626
 test | acc: 0.6508, f1: 0.6575
